<?xml version="1.0" encoding="utf-8"?>
<TestRun id="6f5b3f6c-0000-4000-8000-000000000003" name="duplicates" xmlns="http://microsoft.com/schemas/VisualStudio/TeamTest/2010">
  <Results>
    <UnitTestResult testName="Fixture.Trading.Tests.RoutingTests.RoutesToPrimary" outcome="Failed" duration="00:00:00.0040000">
      <Output>
        <ErrorInfo>
          <Message>Assert.True() Failure&#xD;
Expected: True&#xD;
Actual:   False</Message>
          <StackTrace>   at Fixture.Trading.Tests.RoutingTests.RoutesToPrimary() in C:\repo\fixtures\FixtureSolution\tests\Fixture.Trading.Tests\RoutingTests.cs:line 11</StackTrace>
        </ErrorInfo>
      </Output>
    </UnitTestResult>
    <UnitTestResult testName="Fixture.Trading.Tests.RoutingTests.RoutesToSecondary" outcome="Failed" duration="00:00:00.0050000">
      <Output>
        <ErrorInfo>
          <Message>Assert.True() Failure&#xD;
Expected: True&#xD;
Actual:   False</Message>
          <StackTrace>   at Fixture.Trading.Tests.RoutingTests.RoutesToSecondary() in C:\repo\fixtures\FixtureSolution\tests\Fixture.Trading.Tests\RoutingTests.cs:line 19</StackTrace>
        </ErrorInfo>
      </Output>
    </UnitTestResult>
  </Results>
  <ResultSummary outcome="Failed">
    <Counters total="2" executed="2" passed="0" failed="2" error="0" timeout="0" aborted="0" inconclusive="0" passedButRunAborted="0" notRunnable="0" notExecuted="0" disconnected="0" warning="0" completed="0" inProgress="0" pending="0" />
  </ResultSummary>
</TestRun>
