<?xml version="1.0" encoding="utf-8"?>
<TestRun id="6f5b3f6c-0000-4000-8000-000000000001" name="empty" xmlns="http://microsoft.com/schemas/VisualStudio/TeamTest/2010">
  <Times creation="2026-07-31T10:00:00.0000000+00:00" start="2026-07-31T10:00:00.0000000+00:00" finish="2026-07-31T10:00:01.0000000+00:00" />
  <Results />
  <ResultSummary outcome="Completed">
    <Counters total="0" executed="0" passed="0" failed="0" error="0" timeout="0" aborted="0" inconclusive="0" passedButRunAborted="0" notRunnable="0" notExecuted="0" disconnected="0" warning="0" completed="0" inProgress="0" pending="0" />
  </ResultSummary>
</TestRun>
