<?xml version="1.0" encoding="utf-8"?>
<TestRun id="6f5b3f6c-0000-4000-8000-000000000009" name="posix" xmlns="http://microsoft.com/schemas/VisualStudio/TeamTest/2010">
  <Times creation="2026-08-08T10:00:00.0000000+00:00" start="2026-08-08T10:00:00.0000000+00:00" finish="2026-08-08T10:00:01.0000000+00:00" />
  <TestDefinitions>
    <UnitTest name="Passes" storage="tests/fixture.trading.tests/bin/debug/net10.0/fixture.trading.tests.dll" id="2b0d0e00-0000-4000-8000-000000000011">
      <TestMethod codeBase="/home/runner/work/repo/tests/Fixture.Trading.Tests/bin/Debug/net10.0/Fixture.Trading.Tests.dll" adapterTypeName="executor://xunit/VsTestRunner3/netcore/" className="Fixture.Trading.Tests.DeliberateOutcomesTests" name="Passes" />
    </UnitTest>
  </TestDefinitions>
  <Results>
    <UnitTestResult executionId="2b0d0e00-0000-4000-8000-000000000001" testId="2b0d0e00-0000-4000-8000-000000000011" testName="Fixture.Trading.Tests.DeliberateOutcomesTests.Passes" outcome="Passed" duration="00:00:00.0040000" />
  </Results>
  <ResultSummary outcome="Completed">
    <Counters total="1" executed="1" passed="1" failed="0" error="0" timeout="0" aborted="0" inconclusive="0" passedButRunAborted="0" notRunnable="0" notExecuted="0" disconnected="0" warning="0" completed="0" inProgress="0" pending="0" />
  </ResultSummary>
</TestRun>
