<?xml version="1.0" encoding="utf-8"?>
<TestRun id="6f5b3f6c-0000-4000-8000-000000000006" name="posix" xmlns="http://microsoft.com/schemas/VisualStudio/TeamTest/2010">
  <Results>
    <UnitTestResult testName="Sample.Tests.InsideTests.Fails" outcome="Failed" duration="00:00:00.0020000">
      <Output>
        <ErrorInfo>
          <Message>Assert.True() Failure</Message>
          <StackTrace>   at Sample.Tests.InsideTests.Fails() in /home/runner/work/repo/tests/Sample.cs:line 12</StackTrace>
        </ErrorInfo>
      </Output>
    </UnitTestResult>
    <UnitTestResult testName="Sample.Tests.OutsideTests.Fails" outcome="Failed" duration="00:00:00.0020000">
      <Output>
        <ErrorInfo>
          <Message>Assert.True() Failure</Message>
          <StackTrace>   at Sample.Tests.OutsideTests.Fails() in /home/runner/work/repository/tests/Sample.cs:line 20</StackTrace>
        </ErrorInfo>
      </Output>
    </UnitTestResult>
  </Results>
  <ResultSummary outcome="Failed">
    <Counters total="2" executed="2" passed="0" failed="2" error="0" timeout="0" aborted="0" inconclusive="0" passedButRunAborted="0" notRunnable="0" notExecuted="0" disconnected="0" warning="0" completed="0" inProgress="0" pending="0" />
  </ResultSummary>
</TestRun>
