<?xml version="1.0" encoding="utf-8"?>
<TestRun id="2d1eff40-f0ca-423e-b76c-4e895725ebf6" name="testerker@AFHACKER 2026-07-31 11:21:50" runUser="AFHACKER\testerker" xmlns="http://microsoft.com/schemas/VisualStudio/TeamTest/2010">
  <Times creation="2026-07-31T11:21:50.4584065+03:00" queuing="2026-07-31T11:21:50.4584067+03:00" start="2026-07-31T11:21:47.6250681+03:00" finish="2026-07-31T11:21:50.4639404+03:00" />
  <TestSettings name="default" id="c9029cc1-900e-4131-82bd-f4fcbf504214">
    <Deployment runDeploymentRoot="testerker_AFHACKER_2026-07-31_11_21_50" />
  </TestSettings>
  <Results>
    <UnitTestResult executionId="d979633f-3f98-441e-b375-78633dbc6fa6" testId="8c2e43ee-03f0-6db7-80e6-4c4fc62a9d00" testName="Fixture.Trading.Tests.DeliberateOutcomesTests.Passes" computerName="AFHACKER" duration="00:00:00.1699707" startTime="2026-07-31T11:21:50.1810130+03:00" endTime="2026-07-31T11:21:50.3515778+03:00" testType="13cdc9d9-ddb5-4fa4-a97d-d965ccfc6d4b" outcome="Passed" testListId="8c84fa94-04c1-424b-9868-57a2d4851a1d" relativeResultsDirectory="d979633f-3f98-441e-b375-78633dbc6fa6" />
    <UnitTestResult executionId="4c27557f-0559-47c0-92c9-38c4da25354f" testId="4946e39e-ee89-9941-cb79-b6aa357031d5" testName="Fixture.Trading.Tests.DeliberateOutcomesTests.SkippedByDesign" computerName="AFHACKER" duration="00:00:00.0010000" startTime="2026-07-31T11:21:50.1272348+03:00" endTime="2026-07-31T11:21:50.1321464+03:00" testType="13cdc9d9-ddb5-4fa4-a97d-d965ccfc6d4b" outcome="NotExecuted" testListId="8c84fa94-04c1-424b-9868-57a2d4851a1d" relativeResultsDirectory="4c27557f-0559-47c0-92c9-38c4da25354f">
      <Output>
        <ErrorInfo>
          <Message>deliberately skipped so the fixture exercises the skipped counter</Message>
        </ErrorInfo>
      </Output>
    </UnitTestResult>
    <UnitTestResult executionId="c0bfdd46-9631-4bf0-9599-8a78808c5c20" testId="db62deb3-a69f-158a-5408-9cf9acdf2180" testName="Fixture.Trading.Tests.DeliberateOutcomesTests.Throws" computerName="AFHACKER" duration="00:00:00.0157150" startTime="2026-07-31T11:21:50.1409394+03:00" endTime="2026-07-31T11:21:50.1799344+03:00" testType="13cdc9d9-ddb5-4fa4-a97d-d965ccfc6d4b" outcome="Failed" testListId="8c84fa94-04c1-424b-9868-57a2d4851a1d" relativeResultsDirectory="c0bfdd46-9631-4bf0-9599-8a78808c5c20">
      <Output>
        <ErrorInfo>
          <Message>System.InvalidOperationException : probe boom</Message>
          <StackTrace>   at Fixture.Trading.Tests.DeliberateOutcomesTests.Throws() in C:\repo\fixtures\FixtureSolution\tests\Fixture.Trading.Tests\DeliberateOutcomesTests.cs:line 24&#xD;
   at System.Reflection.MethodBaseInvoker.InterpretedInvoke_Method(Object obj, IntPtr* args)&#xD;
   at System.Reflection.MethodBaseInvoker.InvokeWithNoArgs(Object obj, BindingFlags invokeAttr)</StackTrace>
        </ErrorInfo>
      </Output>
    </UnitTestResult>
    <UnitTestResult executionId="9d16334d-4ec9-46f7-abcf-6c0d2d5539e5" testId="41c87385-ffcc-92f6-8442-590b65b657e4" testName="Fixture.Trading.Tests.DeliberateOutcomesTests.FailsAssertion" computerName="AFHACKER" duration="00:00:00.0022721" startTime="2026-07-31T11:21:50.3519920+03:00" endTime="2026-07-31T11:21:50.3569462+03:00" testType="13cdc9d9-ddb5-4fa4-a97d-d965ccfc6d4b" outcome="Failed" testListId="8c84fa94-04c1-424b-9868-57a2d4851a1d" relativeResultsDirectory="9d16334d-4ec9-46f7-abcf-6c0d2d5539e5">
      <Output>
        <ErrorInfo>
          <Message>Assert.Equal() Failure: Values differ&#xD;
Expected: 4&#xD;
Actual:   5</Message>
          <StackTrace>   at Fixture.Trading.Tests.DeliberateOutcomesTests.FailsAssertion() in C:\repo\fixtures\FixtureSolution\tests\Fixture.Trading.Tests\DeliberateOutcomesTests.cs:line 18&#xD;
   at System.Reflection.MethodBaseInvoker.InterpretedInvoke_Method(Object obj, IntPtr* args)&#xD;
   at System.Reflection.MethodBaseInvoker.InvokeWithNoArgs(Object obj, BindingFlags invokeAttr)</StackTrace>
        </ErrorInfo>
      </Output>
    </UnitTestResult>
  </Results>
  <TestDefinitions>
    <UnitTest name="Fixture.Trading.Tests.DeliberateOutcomesTests.SkippedByDesign" storage="c:\users\tester\source\tersesharp\fixtures\fixturesolution\tests\fixture.trading.tests\bin\debug\net10.0\fixture.trading.tests.dll" id="4946e39e-ee89-9941-cb79-b6aa357031d5">
      <Execution id="4c27557f-0559-47c0-92c9-38c4da25354f" />
      <TestMethod codeBase="C:\repo\fixtures\FixtureSolution\tests\Fixture.Trading.Tests\bin\Debug\net10.0\Fixture.Trading.Tests.dll" adapterTypeName="executor://xunit/VsTestRunner3/netcore/" className="Fixture.Trading.Tests.DeliberateOutcomesTests" name="SkippedByDesign" />
    </UnitTest>
    <UnitTest name="Fixture.Trading.Tests.DeliberateOutcomesTests.Passes" storage="c:\users\tester\source\tersesharp\fixtures\fixturesolution\tests\fixture.trading.tests\bin\debug\net10.0\fixture.trading.tests.dll" id="8c2e43ee-03f0-6db7-80e6-4c4fc62a9d00">
      <Execution id="d979633f-3f98-441e-b375-78633dbc6fa6" />
      <TestMethod codeBase="C:\repo\fixtures\FixtureSolution\tests\Fixture.Trading.Tests\bin\Debug\net10.0\Fixture.Trading.Tests.dll" adapterTypeName="executor://xunit/VsTestRunner3/netcore/" className="Fixture.Trading.Tests.DeliberateOutcomesTests" name="Passes" />
    </UnitTest>
    <UnitTest name="Fixture.Trading.Tests.DeliberateOutcomesTests.Throws" storage="c:\users\tester\source\tersesharp\fixtures\fixturesolution\tests\fixture.trading.tests\bin\debug\net10.0\fixture.trading.tests.dll" id="db62deb3-a69f-158a-5408-9cf9acdf2180">
      <Execution id="c0bfdd46-9631-4bf0-9599-8a78808c5c20" />
      <TestMethod codeBase="C:\repo\fixtures\FixtureSolution\tests\Fixture.Trading.Tests\bin\Debug\net10.0\Fixture.Trading.Tests.dll" adapterTypeName="executor://xunit/VsTestRunner3/netcore/" className="Fixture.Trading.Tests.DeliberateOutcomesTests" name="Throws" />
    </UnitTest>
    <UnitTest name="Fixture.Trading.Tests.DeliberateOutcomesTests.FailsAssertion" storage="c:\users\tester\source\tersesharp\fixtures\fixturesolution\tests\fixture.trading.tests\bin\debug\net10.0\fixture.trading.tests.dll" id="41c87385-ffcc-92f6-8442-590b65b657e4">
      <Execution id="9d16334d-4ec9-46f7-abcf-6c0d2d5539e5" />
      <TestMethod codeBase="C:\repo\fixtures\FixtureSolution\tests\Fixture.Trading.Tests\bin\Debug\net10.0\Fixture.Trading.Tests.dll" adapterTypeName="executor://xunit/VsTestRunner3/netcore/" className="Fixture.Trading.Tests.DeliberateOutcomesTests" name="FailsAssertion" />
    </UnitTest>
  </TestDefinitions>
  <TestEntries>
    <TestEntry testId="8c2e43ee-03f0-6db7-80e6-4c4fc62a9d00" executionId="d979633f-3f98-441e-b375-78633dbc6fa6" testListId="8c84fa94-04c1-424b-9868-57a2d4851a1d" />
    <TestEntry testId="4946e39e-ee89-9941-cb79-b6aa357031d5" executionId="4c27557f-0559-47c0-92c9-38c4da25354f" testListId="8c84fa94-04c1-424b-9868-57a2d4851a1d" />
    <TestEntry testId="db62deb3-a69f-158a-5408-9cf9acdf2180" executionId="c0bfdd46-9631-4bf0-9599-8a78808c5c20" testListId="8c84fa94-04c1-424b-9868-57a2d4851a1d" />
    <TestEntry testId="41c87385-ffcc-92f6-8442-590b65b657e4" executionId="9d16334d-4ec9-46f7-abcf-6c0d2d5539e5" testListId="8c84fa94-04c1-424b-9868-57a2d4851a1d" />
  </TestEntries>
  <TestLists>
    <TestList name="Results Not in a List" id="8c84fa94-04c1-424b-9868-57a2d4851a1d" />
    <TestList name="All Loaded Results" id="19431567-8539-422a-85d7-44ee4e166bda" />
  </TestLists>
  <ResultSummary outcome="Failed">
    <Counters total="4" executed="3" passed="1" failed="2" error="0" timeout="0" aborted="0" inconclusive="0" passedButRunAborted="0" notRunnable="0" notExecuted="0" disconnected="0" warning="0" completed="0" inProgress="0" pending="0" />
    <Output>
      <StdOut>[xUnit.net 00:00:00.00] xUnit.net VSTest Adapter v3.1.5+1b188a7b0a (64-bit .NET 10.0.9)&#xD;
[xUnit.net 00:00:01.14]   Discovering: Fixture.Trading.Tests&#xD;
[xUnit.net 00:00:01.41]   Discovered:  Fixture.Trading.Tests&#xD;
[xUnit.net 00:00:01.68]   Starting:    Fixture.Trading.Tests&#xD;
[xUnit.net 00:00:01.77]       deliberately skipped so the fixture exercises the skipped counter&#xD;
[xUnit.net 00:00:01.82]       System.InvalidOperationException : probe boom&#xD;
[xUnit.net 00:00:01.82]       Stack Trace:&#xD;
[xUnit.net 00:00:01.82]         C:\repo\fixtures\FixtureSolution\tests\Fixture.Trading.Tests\DeliberateOutcomesTests.cs(24,0): at Fixture.Trading.Tests.DeliberateOutcomesTests.Throws()&#xD;
[xUnit.net 00:00:01.82]            at System.Reflection.MethodBaseInvoker.InterpretedInvoke_Method(Object obj, IntPtr* args)&#xD;
[xUnit.net 00:00:01.82]            at System.Reflection.MethodBaseInvoker.InvokeWithNoArgs(Object obj, BindingFlags invokeAttr)&#xD;
[xUnit.net 00:00:01.99]       Assert.Equal() Failure: Values differ&#xD;
[xUnit.net 00:00:01.99]       Expected: 4&#xD;
[xUnit.net 00:00:01.99]       Actual:   5&#xD;
[xUnit.net 00:00:01.99]       Stack Trace:&#xD;
[xUnit.net 00:00:01.99]         C:\repo\fixtures\FixtureSolution\tests\Fixture.Trading.Tests\DeliberateOutcomesTests.cs(18,0): at Fixture.Trading.Tests.DeliberateOutcomesTests.FailsAssertion()&#xD;
[xUnit.net 00:00:01.99]            at System.Reflection.MethodBaseInvoker.InterpretedInvoke_Method(Object obj, IntPtr* args)&#xD;
[xUnit.net 00:00:01.99]            at System.Reflection.MethodBaseInvoker.InvokeWithNoArgs(Object obj, BindingFlags invokeAttr)&#xD;
[xUnit.net 00:00:02.01]   Finished:    Fixture.Trading.Tests (ID = 'db5b29073b95b688d82582dab6865b86a63d8629bb018dc7d8ed3e647ab67677')&#xD;
Test 'Fixture.Trading.Tests.DeliberateOutcomesTests.SkippedByDesign' was skipped in the test run.&#xD;
</StdOut>
    </Output>
    <RunInfos>
      <RunInfo computerName="AFHACKER" outcome="Warning" timestamp="2026-07-31T11:21:50.1438914+03:00">
        <Text>[xUnit.net 00:00:01.77]     Fixture.Trading.Tests.DeliberateOutcomesTests.SkippedByDesign [SKIP]</Text>
      </RunInfo>
      <RunInfo computerName="AFHACKER" outcome="Error" timestamp="2026-07-31T11:21:50.1865774+03:00">
        <Text>[xUnit.net 00:00:01.82]     Fixture.Trading.Tests.DeliberateOutcomesTests.Throws [FAIL]</Text>
      </RunInfo>
      <RunInfo computerName="AFHACKER" outcome="Error" timestamp="2026-07-31T11:21:50.3577053+03:00">
        <Text>[xUnit.net 00:00:01.99]     Fixture.Trading.Tests.DeliberateOutcomesTests.FailsAssertion [FAIL]</Text>
      </RunInfo>
    </RunInfos>
  </ResultSummary>
</TestRun>